<?xml version="1.0" encoding="UTF-8"?>
<!-- Generated by org.testng.reporters.JUnitReportReporter -->
<testsuite hostname="ENV-BOM-038" name="DataDriven.DataDrivenTest.OrangeHRM" tests="1" failures="0" timestamp="16 Jun 2016 10:47:36 GMT" time="281.190" errors="0">
  <testcase name="Ologinpage" time="281.190" classname="DataDriven.DataDrivenTest.OrangeHRM"/>
</testsuite> <!-- DataDriven.DataDrivenTest.OrangeHRM -->
